Using pre-set license
Built from '2020.3/staging' branch; Version is '2020.3.28f1 (f5400f52e03f) revision 16072719'; Using compiler version '192528614'; Build Type 'Release'
OS: 'Windows 10  (10.0.19044) 64bit Core' Language: 'ja' Physical Memory: 16251 MB
BatchMode: 1, IsHumanControllingUs: 0, StartBugReporterOnCrash: 0, Is64bit: 1, IsPro: 0

COMMAND LINE ARGUMENTS:
C:\Program Files\Unity\Hub\Editor\2020.3.28f1\Editor\Unity.exe
-adb2
-batchMode
-noUpm
-name
AssetImportWorker0
-projectPath
D:/Hiroki/Shukatsu/Works/Space_Shooter
-logFile
Logs/AssetImportWorker0.log
-srvPort
64331
Successfully changed project path to: D:/Hiroki/Shukatsu/Works/Space_Shooter
D:/Hiroki/Shukatsu/Works/Space_Shooter
Using Asset Import Pipeline V2.
Refreshing native plugins compatible for Editor in 75.59 ms, found 2 plugins.
Preloading 0 native plugins for Editor in 0.00 ms.
Initialize engine version: 2020.3.28f1 (f5400f52e03f)
[Subsystems] Discovering subsystems at path C:/Program Files/Unity/Hub/Editor/2020.3.28f1/Editor/Data/Resources/UnitySubsystems
[Subsystems] Discovering subsystems at path D:/Hiroki/Shukatsu/Works/Space_Shooter/Assets
GfxDevice: creating device client; threaded=0
Direct3D:
    Version:  Direct3D 11.0 [level 11.1]
    Renderer: NVIDIA GeForce RTX 2060 (ID=0x1f15)
    Vendor:   
    VRAM:     5980 MB
    Driver:   30.0.14.7219
Initialize mono
Mono path[0] = 'C:/Program Files/Unity/Hub/Editor/2020.3.28f1/Editor/Data/Managed'
Mono path[1] = 'C:/Program Files/Unity/Hub/Editor/2020.3.28f1/Editor/Data/MonoBleedingEdge/lib/mono/unityjit'
Mono config path = 'C:/Program Files/Unity/Hub/Editor/2020.3.28f1/Editor/Data/MonoBleedingEdge/etc'
Using monoOptions --debugger-agent=transport=dt_socket,embedding=1,server=y,suspend=n,address=127.0.0.1:56364
Begin MonoManager ReloadAssembly
Registering precompiled unity dll's ...
Register platform support module: C:/Program Files/Unity/Hub/Editor/2020.3.28f1/Editor/Data/PlaybackEngines/WindowsStandaloneSupport/UnityEditor.WindowsStandalone.Extensions.dll
Registered in 0.003493 seconds.
Native extension for WindowsStandalone target not found
Refreshing native plugins compatible for Editor in 65.86 ms, found 2 plugins.
Preloading 0 native plugins for Editor in 0.00 ms.
Mono: successfully reloaded assembly
- Completed reload, in  0.923 seconds
Domain Reload Profiling:
	ReloadAssembly (923ms)
		BeginReloadAssembly (105ms)
			ExecutionOrderSort (0ms)
			DisableScriptedObjects (0ms)
			BackupInstance (0ms)
			ReleaseScriptingObjects (0ms)
			CreateAndSetChildDomain (1ms)
		EndReloadAssembly (703ms)
			LoadAssemblies (101ms)
			RebuildTransferFunctionScriptingTraits (0ms)
			SetupTypeCache (238ms)
			ReleaseScriptCaches (0ms)
			RebuildScriptCaches (47ms)
			SetupLoadedEditorAssemblies (260ms)
				LogAssemblyErrors (0ms)
				InitializePlatformSupportModulesInManaged (7ms)
				SetLoadedEditorAssemblies (0ms)
				RefreshPlugins (66ms)
				BeforeProcessingInitializeOnLoad (25ms)
				ProcessInitializeOnLoadAttributes (119ms)
				ProcessInitializeOnLoadMethodAttributes (42ms)
				AfterProcessingInitializeOnLoad (0ms)
				EditorAssembliesLoaded (0ms)
			ExecutionOrderSort2 (0ms)
			AwakeInstancesAfterBackupRestoration (0ms)
Platform modules already initialized, skipping
Registering precompiled user dll's ...
Registered in 0.005643 seconds.
Begin MonoManager ReloadAssembly
Native extension for WindowsStandalone target not found
Refreshing native plugins compatible for Editor in 0.94 ms, found 2 plugins.
Preloading 0 native plugins for Editor in 0.00 ms.
Mono: successfully reloaded assembly
- Completed reload, in  1.703 seconds
Domain Reload Profiling:
	ReloadAssembly (1705ms)
		BeginReloadAssembly (237ms)
			ExecutionOrderSort (0ms)
			DisableScriptedObjects (7ms)
			BackupInstance (0ms)
			ReleaseScriptingObjects (0ms)
			CreateAndSetChildDomain (27ms)
		EndReloadAssembly (1371ms)
			LoadAssemblies (154ms)
			RebuildTransferFunctionScriptingTraits (0ms)
			SetupTypeCache (448ms)
			ReleaseScriptCaches (1ms)
			RebuildScriptCaches (70ms)
			SetupLoadedEditorAssemblies (571ms)
				LogAssemblyErrors (0ms)
				InitializePlatformSupportModulesInManaged (7ms)
				SetLoadedEditorAssemblies (1ms)
				RefreshPlugins (1ms)
				BeforeProcessingInitializeOnLoad (149ms)
				ProcessInitializeOnLoadAttributes (335ms)
				ProcessInitializeOnLoadMethodAttributes (66ms)
				AfterProcessingInitializeOnLoad (13ms)
				EditorAssembliesLoaded (0ms)
			ExecutionOrderSort2 (0ms)
			AwakeInstancesAfterBackupRestoration (10ms)
Platform modules already initialized, skipping
========================================================================
Worker process is ready to serve import requests
Launched and connected shader compiler UnityShaderCompiler.exe after 0.06 seconds
Refreshing native plugins compatible for Editor in 0.97 ms, found 2 plugins.
Preloading 0 native plugins for Editor in 0.00 ms.
Unloading 2108 Unused Serialized files (Serialized files now loaded: 0)
System memory in use before: 87.4 MB.
System memory in use after: 87.5 MB.

Unloading 57 unused Assets to reduce memory usage. Loaded Objects now: 2517.
Total: 10.540300 ms (FindLiveObjects: 0.287300 ms CreateObjectMapping: 0.153300 ms MarkObjects: 9.968100 ms  DeleteObjects: 0.129800 ms)

AssetImportParameters requested are different than current active one (requested -> active):
  requireTextureImportCompression: false -> true
  custom:framework-win-MediaFoundation: 216162199b28c13a410421893ffa2e32 -> 
  custom:video-decoder-ogg-theora: a1e56fd34408186e4bbccfd4996cb3dc -> 
  custom:container-muxer-webm: aa71ff27fc2769a1b78a27578f13a17b -> 
  custom:container-demuxer-webm: 4f35f7cbe854078d1ac9338744f61a02 -> 
  custom:container-demuxer-ogg: 62fdf1f143b41e24485cea50d1cbac27 -> 
  custom:video-encoder-webm-vp8: eb34c28f22e8b96e1ab97ce403110664 -> 
  custom:video-codec-MediaFoundation-h265: 746d11721c4dcdbdad8f713fa42b33f4 -> 
  custom:video-decoder-webm-vp8: 9c59270c3fd7afecdb556c50c9e8de78 -> 
  custom:audio-decoder-ogg-vorbis: bf7c407c2cedff20999df2af8eb42d56 -> 
  custom:audio-encoder-webm-vorbis: bf7c407c2cedff20999df2af8eb42d56 -> 
========================================================================
Received Import Request.
  path: Assets/Scenes/Main.unity
  artifactKey: Guid(d6cf7ed2faf3b47eb8f72eaa9c1a495a) Importer(815301076,1909f56bfc062723c751e8b465ee728b)
Start importing Assets/Scenes/Main.unity using Guid(d6cf7ed2faf3b47eb8f72eaa9c1a495a) Importer(815301076,1909f56bfc062723c751e8b465ee728b)  -> (artifact id: '329931bea1ba15c0a41a8a4acdbb568a') in 0.021302 seconds 
  Import took 0.027733 seconds .

========================================================================
Received Import Request.
  Time since last request: 536.731238 seconds.
  path: Assets/Free Droid/BAKE.OBJ
  artifactKey: Guid(d8cf9ba52095a4f4bb35e68774cfa634) Importer(815301076,1909f56bfc062723c751e8b465ee728b)
Start importing Assets/Free Droid/BAKE.OBJ using Guid(d8cf9ba52095a4f4bb35e68774cfa634) Importer(815301076,1909f56bfc062723c751e8b465ee728b)  -> (artifact id: '24dd27eaedc70b451f784ebfe042ddf5') in 0.382060 seconds 
  Import took 0.388415 seconds .

========================================================================
Received Import Request.
  Time since last request: 19.723578 seconds.
  path: Assets/Free Droid/Materials
  artifactKey: Guid(6fe8e94ca3846de4cac7be1bb0827ea9) Importer(815301076,1909f56bfc062723c751e8b465ee728b)
Start importing Assets/Free Droid/Materials using Guid(6fe8e94ca3846de4cac7be1bb0827ea9) Importer(815301076,1909f56bfc062723c751e8b465ee728b)  -> (artifact id: 'a0402aaa6135aa7ff5af95c714ddbdb0') in 0.003262 seconds 
  Import took 0.008102 seconds .

========================================================================
Received Import Request.
  Time since last request: 0.000647 seconds.
  path: Assets/Free Droid/Materials/BaseMaterial_ao.tga
  artifactKey: Guid(1cf5d3c2b2cc3544faa41f3b94a321cb) Importer(815301076,1909f56bfc062723c751e8b465ee728b)
Start importing Assets/Free Droid/Materials/BaseMaterial_ao.tga using Guid(1cf5d3c2b2cc3544faa41f3b94a321cb) Importer(815301076,1909f56bfc062723c751e8b465ee728b)  -> (artifact id: '9af81a97517b748399e611052fc14c7f') in 0.034718 seconds 
  Import took 0.039846 seconds .

========================================================================
Received Import Request.
  Time since last request: 0.000576 seconds.
  path: Assets/Free Droid/Materials/BaseMaterial_normal.tga
  artifactKey: Guid(394911b3cbeafb541a398da2dd7bdee5) Importer(815301076,1909f56bfc062723c751e8b465ee728b)
Start importing Assets/Free Droid/Materials/BaseMaterial_normal.tga using Guid(394911b3cbeafb541a398da2dd7bdee5) Importer(815301076,1909f56bfc062723c751e8b465ee728b)  -> (artifact id: 'fd8cc2b743ec75418af419d82d324f10') in 0.018659 seconds 
  Import took 0.023145 seconds .

========================================================================
Received Import Request.
  Time since last request: 0.000513 seconds.
  path: Assets/Free Droid/Materials/BaseMaterial_diffuse.tga
  artifactKey: Guid(837e5a237c4c50449a73ecf5a5092be5) Importer(815301076,1909f56bfc062723c751e8b465ee728b)
Start importing Assets/Free Droid/Materials/BaseMaterial_diffuse.tga using Guid(837e5a237c4c50449a73ecf5a5092be5) Importer(815301076,1909f56bfc062723c751e8b465ee728b)  -> (artifact id: '0d75b0961474deb7161f071a6f3c127d') in 0.016661 seconds 
  Import took 0.020888 seconds .

========================================================================
Received Import Request.
  Time since last request: 0.000562 seconds.
  path: Assets/Free Droid/Materials/BaseMaterial_specular.tga
  artifactKey: Guid(2d697b478c521cc4194f50265c803ced) Importer(815301076,1909f56bfc062723c751e8b465ee728b)
Start importing Assets/Free Droid/Materials/BaseMaterial_specular.tga using Guid(2d697b478c521cc4194f50265c803ced) Importer(815301076,1909f56bfc062723c751e8b465ee728b)  -> (artifact id: 'c47f4257918e3711358a8702b7103ebd') in 0.013891 seconds 
  Import took 0.018165 seconds .

========================================================================
Received Import Request.
  Time since last request: 0.000508 seconds.
  path: Assets/Free Droid/Materials/defaultMat.mat
  artifactKey: Guid(e3ef4b4d386ba4f4fb22823cc66917a1) Importer(815301076,1909f56bfc062723c751e8b465ee728b)
Start importing Assets/Free Droid/Materials/defaultMat.mat using Guid(e3ef4b4d386ba4f4fb22823cc66917a1) Importer(815301076,1909f56bfc062723c751e8b465ee728b)  -> (artifact id: '807f8f2cd8473bcb1181ef35aa9680e5') in 0.053210 seconds 
  Import took 0.058071 seconds .

========================================================================
Received Import Request.
  Time since last request: 1359.474851 seconds.
  path: Assets/Modular Space Raider/readme.txt
  artifactKey: Guid(24e151b2b19c6a9419ee16deaf8aa53b) Importer(815301076,1909f56bfc062723c751e8b465ee728b)
Start importing Assets/Modular Space Raider/readme.txt using Guid(24e151b2b19c6a9419ee16deaf8aa53b) Importer(815301076,1909f56bfc062723c751e8b465ee728b)  -> (artifact id: '4350a1d961af26d8cbb20225b0dc1f17') in 0.011729 seconds 
  Import took 0.018499 seconds .

========================================================================
Received Import Request.
  Time since last request: 1.785516 seconds.
  path: Assets/Modular Space Raider/Textures
  artifactKey: Guid(d62c7a034557ba44f954f88e900dc2e1) Importer(815301076,1909f56bfc062723c751e8b465ee728b)
Start importing Assets/Modular Space Raider/Textures using Guid(d62c7a034557ba44f954f88e900dc2e1) Importer(815301076,1909f56bfc062723c751e8b465ee728b)  -> (artifact id: '37e616818a78268fb22e5dfb8352b8d3') in 0.003109 seconds 
  Import took 0.008091 seconds .

========================================================================
Received Import Request.
  Time since last request: 1.567087 seconds.
  path: Assets/Modular Space Raider/ModularSpaceRider_TestScene.unity
  artifactKey: Guid(d60c5d44ad7d98c45b2a25abc253d4dc) Importer(815301076,1909f56bfc062723c751e8b465ee728b)
Start importing Assets/Modular Space Raider/ModularSpaceRider_TestScene.unity using Guid(d60c5d44ad7d98c45b2a25abc253d4dc) Importer(815301076,1909f56bfc062723c751e8b465ee728b)  -> (artifact id: '2b7f23b3601fb8691cd4b98aa290bd17') in 0.004004 seconds 
  Import took 0.008648 seconds .

========================================================================
Received Import Request.
  Time since last request: 21.883919 seconds.
  path: Assets/Scenes/Main.unity
  artifactKey: Guid(d6cf7ed2faf3b47eb8f72eaa9c1a495a) Importer(815301076,1909f56bfc062723c751e8b465ee728b)
Start importing Assets/Scenes/Main.unity using Guid(d6cf7ed2faf3b47eb8f72eaa9c1a495a) Importer(815301076,1909f56bfc062723c751e8b465ee728b)  -> (artifact id: '855c000f0c6c992133608d41db812007') in 0.003224 seconds 
  Import took 0.007837 seconds .

========================================================================
Received Import Request.
  Time since last request: 1.649860 seconds.
  path: Assets/Prefabs/EnemyShip1.prefab
  artifactKey: Guid(afc18fc39ade3744397c0c993b57be53) Importer(815301076,1909f56bfc062723c751e8b465ee728b)
Start importing Assets/Prefabs/EnemyShip1.prefab using Guid(afc18fc39ade3744397c0c993b57be53) Importer(815301076,1909f56bfc062723c751e8b465ee728b)  -> (artifact id: '4616d4031fb180aaff7bf6fdc75cf108') in 0.053289 seconds 
  Import took 0.059388 seconds .

========================================================================
Received Import Request.
  Time since last request: 4.391921 seconds.
  path: Assets/Modular Space Raider/FBX
  artifactKey: Guid(a92db26d02f42b545826a6d6a44fe493) Importer(815301076,1909f56bfc062723c751e8b465ee728b)
Start importing Assets/Modular Space Raider/FBX using Guid(a92db26d02f42b545826a6d6a44fe493) Importer(815301076,1909f56bfc062723c751e8b465ee728b)  -> (artifact id: '71afd3b6d60c6163d2740a24aa915efc') in 0.003776 seconds 
  Import took 0.008966 seconds .

========================================================================
Received Import Request.
  Time since last request: 0.000481 seconds.
  path: Assets/Modular Space Raider/FBX/engine_2.FBX
  artifactKey: Guid(42b963f30a97fef4bad91f0e4e3c954d) Importer(815301076,1909f56bfc062723c751e8b465ee728b)
Start importing Assets/Modular Space Raider/FBX/engine_2.FBX using Guid(42b963f30a97fef4bad91f0e4e3c954d) Importer(815301076,1909f56bfc062723c751e8b465ee728b)  -> (artifact id: '6412d0183fffb77d693f4a19cc7059a4') in 0.030647 seconds 
  Import took 0.035154 seconds .

========================================================================
Received Import Request.
  Time since last request: 0.000540 seconds.
  path: Assets/Modular Space Raider/FBX/hull.FBX
  artifactKey: Guid(d3adf15845beba140b11a1c134054251) Importer(815301076,1909f56bfc062723c751e8b465ee728b)
Start importing Assets/Modular Space Raider/FBX/hull.FBX using Guid(d3adf15845beba140b11a1c134054251) Importer(815301076,1909f56bfc062723c751e8b465ee728b)  -> (artifact id: 'dbf2f5c2b1407aa06540741803ef049f') in 0.019914 seconds 
  Import took 0.024474 seconds .

========================================================================
Received Import Request.
  Time since last request: 0.000504 seconds.
  path: Assets/Modular Space Raider/FBX/misc_2.FBX
  artifactKey: Guid(97c773e395ac8604db25184a52b71476) Importer(815301076,1909f56bfc062723c751e8b465ee728b)
Start importing Assets/Modular Space Raider/FBX/misc_2.FBX using Guid(97c773e395ac8604db25184a52b71476) Importer(815301076,1909f56bfc062723c751e8b465ee728b)  -> (artifact id: 'c84596bb198820a5c90f41c4e7509ec2') in 0.020287 seconds 
  Import took 0.024740 seconds .

========================================================================
Received Import Request.
  Time since last request: 0.000502 seconds.
  path: Assets/Modular Space Raider/FBX/body.FBX
  artifactKey: Guid(36af3bb48862f454a9795256c46f036e) Importer(815301076,1909f56bfc062723c751e8b465ee728b)
Start importing Assets/Modular Space Raider/FBX/body.FBX using Guid(36af3bb48862f454a9795256c46f036e) Importer(815301076,1909f56bfc062723c751e8b465ee728b)  -> (artifact id: 'c975c58e2d95d11afa2b1b876bb6218a') in 0.019384 seconds 
  Import took 0.023958 seconds .

========================================================================
Received Import Request.
  Time since last request: 0.000521 seconds.
  path: Assets/Modular Space Raider/FBX/engine_1.FBX
  artifactKey: Guid(f126aa0112b0ed14ca96ac2259932705) Importer(815301076,1909f56bfc062723c751e8b465ee728b)
Start importing Assets/Modular Space Raider/FBX/engine_1.FBX using Guid(f126aa0112b0ed14ca96ac2259932705) Importer(815301076,1909f56bfc062723c751e8b465ee728b)  -> (artifact id: '3dbea3bbbf79c624968300390c1e1306') in 0.020259 seconds 
  Import took 0.025055 seconds .

========================================================================
Received Import Request.
  Time since last request: 0.000544 seconds.
  path: Assets/Modular Space Raider/FBX/wing.FBX
  artifactKey: Guid(29af59f8e47732f4183895923017c5bd) Importer(815301076,1909f56bfc062723c751e8b465ee728b)
Start importing Assets/Modular Space Raider/FBX/wing.FBX using Guid(29af59f8e47732f4183895923017c5bd) Importer(815301076,1909f56bfc062723c751e8b465ee728b)  -> (artifact id: '808ee9c6ba0220050a1ad7d723319e92') in 0.023225 seconds 
  Import took 0.028176 seconds .

========================================================================
Received Import Request.
  Time since last request: 0.000499 seconds.
  path: Assets/Modular Space Raider/FBX/misc_1.FBX
  artifactKey: Guid(9ab12ed9c08102941a1b558ee1f5f4fa) Importer(815301076,1909f56bfc062723c751e8b465ee728b)
Start importing Assets/Modular Space Raider/FBX/misc_1.FBX using Guid(9ab12ed9c08102941a1b558ee1f5f4fa) Importer(815301076,1909f56bfc062723c751e8b465ee728b)  -> (artifact id: '36a58dd47583bc946b40b010cbef60a9') in 0.019874 seconds 
  Import took 0.024343 seconds .

========================================================================
Received Import Request.
  Time since last request: 0.000535 seconds.
  path: Assets/Modular Space Raider/FBX/weapon.FBX
  artifactKey: Guid(7f7f66910b95a3648b014601a5f001c7) Importer(815301076,1909f56bfc062723c751e8b465ee728b)
Start importing Assets/Modular Space Raider/FBX/weapon.FBX using Guid(7f7f66910b95a3648b014601a5f001c7) Importer(815301076,1909f56bfc062723c751e8b465ee728b)  -> (artifact id: 'f992c9f7f1645585cc3f9d54ce8fea65') in 0.025724 seconds 
  Import took 0.030269 seconds .

========================================================================
Received Import Request.
  Time since last request: 52.646984 seconds.
  path: Assets/Modular Space Raider/Materials/ModularSpaceRaider_Material.mat
  artifactKey: Guid(8507548373e4c84418b86b634acebd4f) Importer(815301076,1909f56bfc062723c751e8b465ee728b)
Start importing Assets/Modular Space Raider/Materials/ModularSpaceRaider_Material.mat using Guid(8507548373e4c84418b86b634acebd4f) Importer(815301076,1909f56bfc062723c751e8b465ee728b)  -> (artifact id: '158f9cc91fea4c9ee78a6abc29773cf1') in 0.033553 seconds 
  Import took 0.039718 seconds .

========================================================================
Received Import Request.
  Time since last request: 0.000511 seconds.
  path: Assets/Modular Space Raider/Materials/ModularSpaceRaiderColored_Material.mat
  artifactKey: Guid(3c3a5dd6e6768cd4e874ae5946a6cd4d) Importer(815301076,1909f56bfc062723c751e8b465ee728b)
Start importing Assets/Modular Space Raider/Materials/ModularSpaceRaiderColored_Material.mat using Guid(3c3a5dd6e6768cd4e874ae5946a6cd4d) Importer(815301076,1909f56bfc062723c751e8b465ee728b)  -> (artifact id: 'db26cd02d441a7fda73e5f0053c14ec9') in 0.033164 seconds 
  Import took 0.038062 seconds .

========================================================================
Received Import Request.
  Time since last request: 0.000499 seconds.
  path: Assets/Modular Space Raider/Materials/ModularSpaceRaiderColored3_Material.mat
  artifactKey: Guid(5cd3ef5e6c196a44fa1254f341f5e798) Importer(815301076,1909f56bfc062723c751e8b465ee728b)
Start importing Assets/Modular Space Raider/Materials/ModularSpaceRaiderColored3_Material.mat using Guid(5cd3ef5e6c196a44fa1254f341f5e798) Importer(815301076,1909f56bfc062723c751e8b465ee728b)  -> (artifact id: 'e30eb2400a6bfdc9cce489606febd620') in 0.020598 seconds 
  Import took 0.025490 seconds .

========================================================================
Received Import Request.
  Time since last request: 0.000588 seconds.
  path: Assets/Modular Space Raider/Materials/ModularSpaceRaiderColored2_Material.mat
  artifactKey: Guid(047f90eaed4a0c4408c70270c6e993f4) Importer(815301076,1909f56bfc062723c751e8b465ee728b)
Start importing Assets/Modular Space Raider/Materials/ModularSpaceRaiderColored2_Material.mat using Guid(047f90eaed4a0c4408c70270c6e993f4) Importer(815301076,1909f56bfc062723c751e8b465ee728b)  -> (artifact id: '4d7e03a65d0712c32ae460755cc686c4') in 0.025361 seconds 
  Import took 0.030958 seconds .

========================================================================
Received Import Request.
  Time since last request: 3.389682 seconds.
  path: Assets/Modular Space Raider/Prefabs - parts/Body.prefab
  artifactKey: Guid(7d49d24fa744eee4795c9bef1d92ef72) Importer(815301076,1909f56bfc062723c751e8b465ee728b)
Start importing Assets/Modular Space Raider/Prefabs - parts/Body.prefab using Guid(7d49d24fa744eee4795c9bef1d92ef72) Importer(815301076,1909f56bfc062723c751e8b465ee728b)  -> (artifact id: 'ca321248d3b49b79f637dbc401ecf9e5') in 0.019789 seconds 
  Import took 0.024974 seconds .

========================================================================
Received Import Request.
  Time since last request: 0.000572 seconds.
  path: Assets/Modular Space Raider/Prefabs - parts/Engine_1.prefab
  artifactKey: Guid(bf2d9463a2945d04cb26275bfd0477ad) Importer(815301076,1909f56bfc062723c751e8b465ee728b)
Start importing Assets/Modular Space Raider/Prefabs - parts/Engine_1.prefab using Guid(bf2d9463a2945d04cb26275bfd0477ad) Importer(815301076,1909f56bfc062723c751e8b465ee728b)  -> (artifact id: 'e0fe4da6a6c8f129891ef5aad6a5ba3a') in 0.016573 seconds 
  Import took 0.021116 seconds .

========================================================================
Received Import Request.
  Time since last request: 0.000515 seconds.
  path: Assets/Modular Space Raider/Prefabs - parts/Wing.prefab
  artifactKey: Guid(e433576f708a36f40a657d254ef2559d) Importer(815301076,1909f56bfc062723c751e8b465ee728b)
Start importing Assets/Modular Space Raider/Prefabs - parts/Wing.prefab using Guid(e433576f708a36f40a657d254ef2559d) Importer(815301076,1909f56bfc062723c751e8b465ee728b)  -> (artifact id: 'a8d5d3dfe02c07f8e3135468db99e18b') in 0.016538 seconds 
  Import took 0.020930 seconds .

========================================================================
Received Import Request.
  Time since last request: 0.000522 seconds.
  path: Assets/Modular Space Raider/Prefabs - parts/Misc_2.prefab
  artifactKey: Guid(0f75579a5dcd05a44b60bbd1cda47ec3) Importer(815301076,1909f56bfc062723c751e8b465ee728b)
Start importing Assets/Modular Space Raider/Prefabs - parts/Misc_2.prefab using Guid(0f75579a5dcd05a44b60bbd1cda47ec3) Importer(815301076,1909f56bfc062723c751e8b465ee728b)  -> (artifact id: 'fdd14f3a13f467a2a029a5d51218a203') in 0.016417 seconds 
  Import took 0.020827 seconds .

========================================================================
Received Import Request.
  Time since last request: 0.000522 seconds.
  path: Assets/Modular Space Raider/Prefabs - parts/Engine_2.prefab
  artifactKey: Guid(b4d2fda6fd3c827408d32cd379c4a6a0) Importer(815301076,1909f56bfc062723c751e8b465ee728b)
Start importing Assets/Modular Space Raider/Prefabs - parts/Engine_2.prefab using Guid(b4d2fda6fd3c827408d32cd379c4a6a0) Importer(815301076,1909f56bfc062723c751e8b465ee728b)  -> (artifact id: 'a8798b0f1993e8b5699d1e1045150263') in 0.016801 seconds 
  Import took 0.021200 seconds .

========================================================================
Received Import Request.
  Time since last request: 0.000476 seconds.
  path: Assets/Modular Space Raider/Prefabs - parts/Hull.prefab
  artifactKey: Guid(1ffc362a60b28a74680ebdb8f2ebd2f4) Importer(815301076,1909f56bfc062723c751e8b465ee728b)
Start importing Assets/Modular Space Raider/Prefabs - parts/Hull.prefab using Guid(1ffc362a60b28a74680ebdb8f2ebd2f4) Importer(815301076,1909f56bfc062723c751e8b465ee728b)  -> (artifact id: 'dfec2e4ec697bb84caa1802e00564170') in 0.019400 seconds 
  Import took 0.024088 seconds .

========================================================================
Received Import Request.
  Time since last request: 0.000458 seconds.
  path: Assets/Modular Space Raider/Prefabs - parts/Misc_1.prefab
  artifactKey: Guid(bd5c7813475a5774aa6b347727c22263) Importer(815301076,1909f56bfc062723c751e8b465ee728b)
Start importing Assets/Modular Space Raider/Prefabs - parts/Misc_1.prefab using Guid(bd5c7813475a5774aa6b347727c22263) Importer(815301076,1909f56bfc062723c751e8b465ee728b)  -> (artifact id: '631720367224c29c064b95d87e4df20a') in 0.017470 seconds 
  Import took 0.022842 seconds .

========================================================================
Received Import Request.
  Time since last request: 0.000502 seconds.
  path: Assets/Modular Space Raider/Prefabs - parts/Weapon.prefab
  artifactKey: Guid(9495c0e0a6314994d9bafd4aab0a8288) Importer(815301076,1909f56bfc062723c751e8b465ee728b)
Start importing Assets/Modular Space Raider/Prefabs - parts/Weapon.prefab using Guid(9495c0e0a6314994d9bafd4aab0a8288) Importer(815301076,1909f56bfc062723c751e8b465ee728b)  -> (artifact id: 'b2fd3e5572ab1162a382c102164a7dc2') in 0.022531 seconds 
  Import took 0.027472 seconds .

========================================================================
Received Import Request.
  Time since last request: 3.839500 seconds.
  path: Assets/Modular Space Raider/Prefabs - ships/Model_1.prefab
  artifactKey: Guid(0ae7935ff095b9d4983b19563a57760a) Importer(815301076,1909f56bfc062723c751e8b465ee728b)
Start importing Assets/Modular Space Raider/Prefabs - ships/Model_1.prefab using Guid(0ae7935ff095b9d4983b19563a57760a) Importer(815301076,1909f56bfc062723c751e8b465ee728b)  -> (artifact id: '7804105f20a9434046452a1423643df1') in 0.031416 seconds 
  Import took 0.037722 seconds .

========================================================================
Received Import Request.
  Time since last request: 0.000481 seconds.
  path: Assets/Modular Space Raider/Prefabs - ships/Model_2.prefab
  artifactKey: Guid(17513a8cfc589ac45aa4e9f42f01140f) Importer(815301076,1909f56bfc062723c751e8b465ee728b)
Start importing Assets/Modular Space Raider/Prefabs - ships/Model_2.prefab using Guid(17513a8cfc589ac45aa4e9f42f01140f) Importer(815301076,1909f56bfc062723c751e8b465ee728b)  -> (artifact id: 'b9dd6a2a394bde1d5d38d216de504df8') in 0.024665 seconds 
  Import took 0.029755 seconds .

========================================================================
Received Import Request.
  Time since last request: 0.000442 seconds.
  path: Assets/Modular Space Raider/Prefabs - ships/Model_3.prefab
  artifactKey: Guid(a4739566a87df10488b292fa3a88600e) Importer(815301076,1909f56bfc062723c751e8b465ee728b)
Start importing Assets/Modular Space Raider/Prefabs - ships/Model_3.prefab using Guid(a4739566a87df10488b292fa3a88600e) Importer(815301076,1909f56bfc062723c751e8b465ee728b)  -> (artifact id: '2ff8949881ef991f75dfdb3f0c4571fe') in 0.023002 seconds 
  Import took 0.028231 seconds .

========================================================================
Received Import Request.
  Time since last request: 0.000500 seconds.
  path: Assets/Modular Space Raider/Prefabs - ships/Model_4.prefab
  artifactKey: Guid(01546fcfe20b3f24faf37fcf00021b4a) Importer(815301076,1909f56bfc062723c751e8b465ee728b)
Start importing Assets/Modular Space Raider/Prefabs - ships/Model_4.prefab using Guid(01546fcfe20b3f24faf37fcf00021b4a) Importer(815301076,1909f56bfc062723c751e8b465ee728b)  -> (artifact id: 'd43ce22f3b4db5484d653108ed84221e') in 0.020114 seconds 
  Import took 0.025097 seconds .

========================================================================
Received Prepare
Registering precompiled user dll's ...
Registered in 0.008550 seconds.
Begin MonoManager ReloadAssembly
Native extension for WindowsStandalone target not found
Refreshing native plugins compatible for Editor in 2.10 ms, found 2 plugins.
Preloading 0 native plugins for Editor in 0.00 ms.
Mono: successfully reloaded assembly
- Completed reload, in  2.004 seconds
Domain Reload Profiling:
	ReloadAssembly (2005ms)
		BeginReloadAssembly (191ms)
			ExecutionOrderSort (0ms)
			DisableScriptedObjects (9ms)
			BackupInstance (0ms)
			ReleaseScriptingObjects (0ms)
			CreateAndSetChildDomain (55ms)
		EndReloadAssembly (1700ms)
			LoadAssemblies (160ms)
			RebuildTransferFunctionScriptingTraits (0ms)
			SetupTypeCache (480ms)
			ReleaseScriptCaches (1ms)
			RebuildScriptCaches (72ms)
			SetupLoadedEditorAssemblies (766ms)
				LogAssemblyErrors (0ms)
				InitializePlatformSupportModulesInManaged (12ms)
				SetLoadedEditorAssemblies (1ms)
				RefreshPlugins (2ms)
				BeforeProcessingInitializeOnLoad (212ms)
				ProcessInitializeOnLoadAttributes (439ms)
				ProcessInitializeOnLoadMethodAttributes (85ms)
				AfterProcessingInitializeOnLoad (14ms)
				EditorAssembliesLoaded (0ms)
			ExecutionOrderSort2 (0ms)
			AwakeInstancesAfterBackupRestoration (11ms)
Platform modules already initialized, skipping
Refreshing native plugins compatible for Editor in 0.93 ms, found 2 plugins.
Preloading 0 native plugins for Editor in 0.00 ms.
Unloading 2103 Unused Serialized files (Serialized files now loaded: 0)
System memory in use before: 92.1 MB.
System memory in use after: 92.2 MB.

Unloading 49 unused Assets to reduce memory usage. Loaded Objects now: 2571.
Total: 11.856400 ms (FindLiveObjects: 0.220800 ms CreateObjectMapping: 0.261500 ms MarkObjects: 11.326500 ms  DeleteObjects: 0.046300 ms)

AssetImportParameters requested are different than current active one (requested -> active):
  requireTextureImportCompression: false -> true
  custom:framework-win-MediaFoundation: 216162199b28c13a410421893ffa2e32 -> 
  custom:video-decoder-ogg-theora: a1e56fd34408186e4bbccfd4996cb3dc -> 
  custom:container-muxer-webm: aa71ff27fc2769a1b78a27578f13a17b -> 
  custom:container-demuxer-webm: 4f35f7cbe854078d1ac9338744f61a02 -> 
  custom:container-demuxer-ogg: 62fdf1f143b41e24485cea50d1cbac27 -> 
  custom:video-encoder-webm-vp8: eb34c28f22e8b96e1ab97ce403110664 -> 
  custom:video-codec-MediaFoundation-h265: 746d11721c4dcdbdad8f713fa42b33f4 -> 
  custom:video-decoder-webm-vp8: 9c59270c3fd7afecdb556c50c9e8de78 -> 
  custom:audio-decoder-ogg-vorbis: bf7c407c2cedff20999df2af8eb42d56 -> 
  custom:audio-encoder-webm-vorbis: bf7c407c2cedff20999df2af8eb42d56 -> 
========================================================================
Received Prepare
Registering precompiled user dll's ...
Registered in 0.005364 seconds.
Begin MonoManager ReloadAssembly
Native extension for WindowsStandalone target not found
Refreshing native plugins compatible for Editor in 0.97 ms, found 2 plugins.
Preloading 0 native plugins for Editor in 0.00 ms.
Mono: successfully reloaded assembly
- Completed reload, in  1.574 seconds
Domain Reload Profiling:
	ReloadAssembly (1574ms)
		BeginReloadAssembly (167ms)
			ExecutionOrderSort (0ms)
			DisableScriptedObjects (9ms)
			BackupInstance (0ms)
			ReleaseScriptingObjects (0ms)
			CreateAndSetChildDomain (46ms)
		EndReloadAssembly (1312ms)
			LoadAssemblies (149ms)
			RebuildTransferFunctionScriptingTraits (0ms)
			SetupTypeCache (442ms)
			ReleaseScriptCaches (1ms)
			RebuildScriptCaches (58ms)
			SetupLoadedEditorAssemblies (532ms)
				LogAssemblyErrors (0ms)
				InitializePlatformSupportModulesInManaged (7ms)
				SetLoadedEditorAssemblies (1ms)
				RefreshPlugins (1ms)
				BeforeProcessingInitializeOnLoad (143ms)
				ProcessInitializeOnLoadAttributes (307ms)
				ProcessInitializeOnLoadMethodAttributes (59ms)
				AfterProcessingInitializeOnLoad (13ms)
				EditorAssembliesLoaded (0ms)
			ExecutionOrderSort2 (0ms)
			AwakeInstancesAfterBackupRestoration (10ms)
Platform modules already initialized, skipping
Refreshing native plugins compatible for Editor in 0.95 ms, found 2 plugins.
Preloading 0 native plugins for Editor in 0.00 ms.
Unloading 2102 Unused Serialized files (Serialized files now loaded: 0)
System memory in use before: 91.9 MB.
System memory in use after: 92.0 MB.

Unloading 48 unused Assets to reduce memory usage. Loaded Objects now: 2573.
Total: 9.330500 ms (FindLiveObjects: 0.227300 ms CreateObjectMapping: 0.120000 ms MarkObjects: 8.941700 ms  DeleteObjects: 0.040200 ms)

AssetImportParameters requested are different than current active one (requested -> active):
  requireTextureImportCompression: false -> true
  custom:framework-win-MediaFoundation: 216162199b28c13a410421893ffa2e32 -> 
  custom:video-decoder-ogg-theora: a1e56fd34408186e4bbccfd4996cb3dc -> 
  custom:container-muxer-webm: aa71ff27fc2769a1b78a27578f13a17b -> 
  custom:container-demuxer-webm: 4f35f7cbe854078d1ac9338744f61a02 -> 
  custom:container-demuxer-ogg: 62fdf1f143b41e24485cea50d1cbac27 -> 
  custom:video-encoder-webm-vp8: eb34c28f22e8b96e1ab97ce403110664 -> 
  custom:video-codec-MediaFoundation-h265: 746d11721c4dcdbdad8f713fa42b33f4 -> 
  custom:video-decoder-webm-vp8: 9c59270c3fd7afecdb556c50c9e8de78 -> 
  custom:audio-decoder-ogg-vorbis: bf7c407c2cedff20999df2af8eb42d56 -> 
  custom:audio-encoder-webm-vorbis: bf7c407c2cedff20999df2af8eb42d56 -> 
========================================================================
Received Prepare
Registering precompiled user dll's ...
Registered in 0.005327 seconds.
Begin MonoManager ReloadAssembly
Native extension for WindowsStandalone target not found
Refreshing native plugins compatible for Editor in 0.94 ms, found 2 plugins.
Preloading 0 native plugins for Editor in 0.00 ms.
Mono: successfully reloaded assembly
- Completed reload, in  1.579 seconds
Domain Reload Profiling:
	ReloadAssembly (1580ms)
		BeginReloadAssembly (167ms)
			ExecutionOrderSort (0ms)
			DisableScriptedObjects (9ms)
			BackupInstance (0ms)
			ReleaseScriptingObjects (0ms)
			CreateAndSetChildDomain (47ms)
		EndReloadAssembly (1317ms)
			LoadAssemblies (149ms)
			RebuildTransferFunctionScriptingTraits (0ms)
			SetupTypeCache (443ms)
			ReleaseScriptCaches (1ms)
			RebuildScriptCaches (60ms)
			SetupLoadedEditorAssemblies (529ms)
				LogAssemblyErrors (0ms)
				InitializePlatformSupportModulesInManaged (7ms)
				SetLoadedEditorAssemblies (1ms)
				RefreshPlugins (1ms)
				BeforeProcessingInitializeOnLoad (134ms)
				ProcessInitializeOnLoadAttributes (313ms)
				ProcessInitializeOnLoadMethodAttributes (59ms)
				AfterProcessingInitializeOnLoad (13ms)
				EditorAssembliesLoaded (0ms)
			ExecutionOrderSort2 (0ms)
			AwakeInstancesAfterBackupRestoration (11ms)
Platform modules already initialized, skipping
Refreshing native plugins compatible for Editor in 1.03 ms, found 2 plugins.
Preloading 0 native plugins for Editor in 0.00 ms.
Unloading 2102 Unused Serialized files (Serialized files now loaded: 0)
System memory in use before: 91.9 MB.
System memory in use after: 92.0 MB.

Unloading 48 unused Assets to reduce memory usage. Loaded Objects now: 2575.
Total: 8.921800 ms (FindLiveObjects: 0.211700 ms CreateObjectMapping: 0.116100 ms MarkObjects: 8.555900 ms  DeleteObjects: 0.037000 ms)

AssetImportParameters requested are different than current active one (requested -> active):
  requireTextureImportCompression: false -> true
  custom:framework-win-MediaFoundation: 216162199b28c13a410421893ffa2e32 -> 
  custom:video-decoder-ogg-theora: a1e56fd34408186e4bbccfd4996cb3dc -> 
  custom:container-muxer-webm: aa71ff27fc2769a1b78a27578f13a17b -> 
  custom:container-demuxer-webm: 4f35f7cbe854078d1ac9338744f61a02 -> 
  custom:container-demuxer-ogg: 62fdf1f143b41e24485cea50d1cbac27 -> 
  custom:video-encoder-webm-vp8: eb34c28f22e8b96e1ab97ce403110664 -> 
  custom:video-codec-MediaFoundation-h265: 746d11721c4dcdbdad8f713fa42b33f4 -> 
  custom:video-decoder-webm-vp8: 9c59270c3fd7afecdb556c50c9e8de78 -> 
  custom:audio-decoder-ogg-vorbis: bf7c407c2cedff20999df2af8eb42d56 -> 
  custom:audio-encoder-webm-vorbis: bf7c407c2cedff20999df2af8eb42d56 -> 
========================================================================
Received Import Request.
  Time since last request: 431.004784 seconds.
  path: Assets/Prefabs/EnemyShip1.prefab
  artifactKey: Guid(afc18fc39ade3744397c0c993b57be53) Importer(815301076,1909f56bfc062723c751e8b465ee728b)
Start importing Assets/Prefabs/EnemyShip1.prefab using Guid(afc18fc39ade3744397c0c993b57be53) Importer(815301076,1909f56bfc062723c751e8b465ee728b)  -> (artifact id: '9bfbdf823936c6e6f9674754ea77a581') in 0.095083 seconds 
  Import took 0.101307 seconds .

========================================================================
Received Import Request.
  Time since last request: 2930.276036 seconds.
  path: Assets/Modular Space Raider/Textures/ModularSpaceRaider2_diffuse+spec.tif
  artifactKey: Guid(8459799b6f684e548a1dd5dfde55e7c9) Importer(815301076,1909f56bfc062723c751e8b465ee728b)
Start importing Assets/Modular Space Raider/Textures/ModularSpaceRaider2_diffuse+spec.tif using Guid(8459799b6f684e548a1dd5dfde55e7c9) Importer(815301076,1909f56bfc062723c751e8b465ee728b)  -> (artifact id: '8c3b9b6b29ac795ce0815fefd982f977') in 0.059021 seconds 
  Import took 0.066246 seconds .

========================================================================
Received Import Request.
  Time since last request: 0.000739 seconds.
  path: Assets/Modular Space Raider/Textures/ModularSpaceRaider_diff+spec.tif
  artifactKey: Guid(41b850f4c394093408801a12147ecdec) Importer(815301076,1909f56bfc062723c751e8b465ee728b)
Start importing Assets/Modular Space Raider/Textures/ModularSpaceRaider_diff+spec.tif using Guid(41b850f4c394093408801a12147ecdec) Importer(815301076,1909f56bfc062723c751e8b465ee728b)  -> (artifact id: '4243d1222353a5d98f054537bae94d10') in 0.026931 seconds 
  Import took 0.033416 seconds .

========================================================================
Received Import Request.
  Time since last request: 314.612607 seconds.
  path: Assets/SpaceStarshipLancer/StarShipScene
  artifactKey: Guid(a4c89b0112b772644862bf0da46b7872) Importer(815301076,1909f56bfc062723c751e8b465ee728b)
Start importing Assets/SpaceStarshipLancer/StarShipScene using Guid(a4c89b0112b772644862bf0da46b7872) Importer(815301076,1909f56bfc062723c751e8b465ee728b)  -> (artifact id: '7250f1610e8cefc0d10e1a41d12b6569') in 0.005261 seconds 
  Import took 0.012105 seconds .

========================================================================
Received Import Request.
  Time since last request: 2.299916 seconds.
  path: Assets/SpaceStarshipLancer/StarShipPrefab/SpaceWarship01_Var1_Black_Prefab.prefab
  artifactKey: Guid(5ac49a095dd18434c8edaf65539a5ffb) Importer(815301076,1909f56bfc062723c751e8b465ee728b)
Start importing Assets/SpaceStarshipLancer/StarShipPrefab/SpaceWarship01_Var1_Black_Prefab.prefab using Guid(5ac49a095dd18434c8edaf65539a5ffb) Importer(815301076,1909f56bfc062723c751e8b465ee728b)  -> (artifact id: '3214a325be57203d33ff89cf598305ee') in 0.137361 seconds 
  Import took 0.145028 seconds .

========================================================================
Received Import Request.
  Time since last request: 0.000444 seconds.
  path: Assets/SpaceStarshipLancer/StarShipPrefab/SpaceWarship01_Var1_Grey_Prefab.prefab
  artifactKey: Guid(02216b8dfa64dd14eb1fc6953f4c9c65) Importer(815301076,1909f56bfc062723c751e8b465ee728b)
Start importing Assets/SpaceStarshipLancer/StarShipPrefab/SpaceWarship01_Var1_Grey_Prefab.prefab using Guid(02216b8dfa64dd14eb1fc6953f4c9c65) Importer(815301076,1909f56bfc062723c751e8b465ee728b)  -> (artifact id: 'f0fec171ceb7ed6a9689c0c992b875b8') in 0.040385 seconds 
  Import took 0.048312 seconds .

========================================================================
Received Import Request.
  Time since last request: 0.000499 seconds.
  path: Assets/SpaceStarshipLancer/StarShipPrefab/SpaceWarship01_Var1_Red_Prefab.prefab
  artifactKey: Guid(52924d86b5f4bd74aaa4a3e94baf5216) Importer(815301076,1909f56bfc062723c751e8b465ee728b)
Start importing Assets/SpaceStarshipLancer/StarShipPrefab/SpaceWarship01_Var1_Red_Prefab.prefab using Guid(52924d86b5f4bd74aaa4a3e94baf5216) Importer(815301076,1909f56bfc062723c751e8b465ee728b)  -> (artifact id: '9a222a9e65704e7867b98718a882d971') in 0.057773 seconds 
  Import took 0.067259 seconds .

========================================================================
Received Import Request.
  Time since last request: 0.000549 seconds.
  path: Assets/SpaceStarshipLancer/StarShipPrefab/SpaceWarship01_Var1_White_Prefab.prefab
  artifactKey: Guid(0d1c516ac2f6a11489beeb33004cc887) Importer(815301076,1909f56bfc062723c751e8b465ee728b)
Start importing Assets/SpaceStarshipLancer/StarShipPrefab/SpaceWarship01_Var1_White_Prefab.prefab using Guid(0d1c516ac2f6a11489beeb33004cc887) Importer(815301076,1909f56bfc062723c751e8b465ee728b)  -> (artifact id: '1eabb0a9a2ec620e902ca6c8a33570ed') in 0.047102 seconds 
  Import took 0.055164 seconds .

========================================================================
Received Import Request.
  Time since last request: 72.577547 seconds.
  path: Assets/SpaceStarshipLancer/Art/Models
  artifactKey: Guid(ef41a637445c516499f77381e9e7d8e5) Importer(815301076,1909f56bfc062723c751e8b465ee728b)
Start importing Assets/SpaceStarshipLancer/Art/Models using Guid(ef41a637445c516499f77381e9e7d8e5) Importer(815301076,1909f56bfc062723c751e8b465ee728b)  -> (artifact id: 'ecd99799f02f0b7d0baf3ec3bb33a1ea') in 0.005089 seconds 
  Import took 0.012445 seconds .

========================================================================
Received Import Request.
  Time since last request: 1.935473 seconds.
  path: Assets/SpaceStarshipLancer/Art/Models/WarshipPieces
  artifactKey: Guid(36a765b8c728ed34cbcfac0b4a2c6d04) Importer(815301076,1909f56bfc062723c751e8b465ee728b)
Start importing Assets/SpaceStarshipLancer/Art/Models/WarshipPieces using Guid(36a765b8c728ed34cbcfac0b4a2c6d04) Importer(815301076,1909f56bfc062723c751e8b465ee728b)  -> (artifact id: 'f713cb4ef434cc3736493005529dc29f') in 0.006725 seconds 
  Import took 0.012361 seconds .

========================================================================
Received Import Request.
  Time since last request: 0.000676 seconds.
  path: Assets/SpaceStarshipLancer/Art/Models/WarshipPieces/Msh_Propulsor01.FBX
  artifactKey: Guid(1bf326a6e3b59f848b256ec6768b1b66) Importer(815301076,1909f56bfc062723c751e8b465ee728b)
Start importing Assets/SpaceStarshipLancer/Art/Models/WarshipPieces/Msh_Propulsor01.FBX using Guid(1bf326a6e3b59f848b256ec6768b1b66) Importer(815301076,1909f56bfc062723c751e8b465ee728b)  -> (artifact id: '3252f67ff2af54c439b9d2be47e8a22f') in 0.057470 seconds 
  Import took 0.063407 seconds .

========================================================================
Received Import Request.
  Time since last request: 0.000407 seconds.
  path: Assets/SpaceStarshipLancer/Art/Models/WarshipPieces/Msh_ShipPiece01.FBX
  artifactKey: Guid(726ada4a6f10d2945ad8122cf946b022) Importer(815301076,1909f56bfc062723c751e8b465ee728b)
Start importing Assets/SpaceStarshipLancer/Art/Models/WarshipPieces/Msh_ShipPiece01.FBX using Guid(726ada4a6f10d2945ad8122cf946b022) Importer(815301076,1909f56bfc062723c751e8b465ee728b)  -> (artifact id: '4fa226278c174de662692ecd75e362e0') in 0.022706 seconds 
  Import took 0.028203 seconds .

========================================================================
Received Import Request.
  Time since last request: 0.000522 seconds.
  path: Assets/SpaceStarshipLancer/Art/Models/WarshipPieces/Msh_Tower01.FBX
  artifactKey: Guid(5d3487b7bf01aa149a367ecfdea7b459) Importer(815301076,1909f56bfc062723c751e8b465ee728b)
Start importing Assets/SpaceStarshipLancer/Art/Models/WarshipPieces/Msh_Tower01.FBX using Guid(5d3487b7bf01aa149a367ecfdea7b459) Importer(815301076,1909f56bfc062723c751e8b465ee728b)  -> (artifact id: '6c40cd6f61dc30c3f3a828fd96edb9e0') in 0.023786 seconds 
  Import took 0.029220 seconds .

========================================================================
Received Import Request.
  Time since last request: 4.997165 seconds.
  path: Assets/SpaceStarshipLancer/Art/Models/CompleteWarship
  artifactKey: Guid(f7a7bb2051cb1ae43bf1298525e6cd36) Importer(815301076,1909f56bfc062723c751e8b465ee728b)
Start importing Assets/SpaceStarshipLancer/Art/Models/CompleteWarship using Guid(f7a7bb2051cb1ae43bf1298525e6cd36) Importer(815301076,1909f56bfc062723c751e8b465ee728b)  -> (artifact id: '5d53389e8740a2430546922853d31b79') in 0.005544 seconds 
  Import took 0.010471 seconds .

========================================================================
Received Import Request.
  Time since last request: 0.000407 seconds.
  path: Assets/SpaceStarshipLancer/Art/Models/CompleteWarship/SpaceWarship01_Model.FBX
  artifactKey: Guid(632e61ec92b3ce3438196fc9c3e4f9cc) Importer(815301076,1909f56bfc062723c751e8b465ee728b)
Start importing Assets/SpaceStarshipLancer/Art/Models/CompleteWarship/SpaceWarship01_Model.FBX using Guid(632e61ec92b3ce3438196fc9c3e4f9cc) Importer(815301076,1909f56bfc062723c751e8b465ee728b)  -> (artifact id: '6901f92eb5a3c963c291e31b39cd292b') in 0.069332 seconds 
  Import took 0.075771 seconds .

========================================================================
Received Import Request.
  Time since last request: 5.527232 seconds.
  path: Assets/SpaceStarshipLancer/Art/Materials
  artifactKey: Guid(9784437e6c80e46459af7bcf74508e25) Importer(815301076,1909f56bfc062723c751e8b465ee728b)
Start importing Assets/SpaceStarshipLancer/Art/Materials using Guid(9784437e6c80e46459af7bcf74508e25) Importer(815301076,1909f56bfc062723c751e8b465ee728b)  -> (artifact id: 'c9f52bf4e236779cf68bcc91d5d6ebc1') in 0.004882 seconds 
  Import took 0.009920 seconds .

========================================================================
Received Import Request.
  Time since last request: 0.000389 seconds.
  path: Assets/SpaceStarshipLancer/Art/Materials/Mat_GlowFx.mat
  artifactKey: Guid(9127b0a63ac6d1a4ba6f2e1305e0721d) Importer(815301076,1909f56bfc062723c751e8b465ee728b)
Start importing Assets/SpaceStarshipLancer/Art/Materials/Mat_GlowFx.mat using Guid(9127b0a63ac6d1a4ba6f2e1305e0721d) Importer(815301076,1909f56bfc062723c751e8b465ee728b)  -> (artifact id: 'f8f7e9b7d733a1c8157f0bb0efd1fca5') in 0.043471 seconds 
  Import took 0.050137 seconds .

========================================================================
Received Import Request.
  Time since last request: 0.000493 seconds.
  path: Assets/SpaceStarshipLancer/Art/Materials/Mat_Tower_Grey.mat
  artifactKey: Guid(62bd018466618f34fa915dbd5cdf701a) Importer(815301076,1909f56bfc062723c751e8b465ee728b)
Start importing Assets/SpaceStarshipLancer/Art/Materials/Mat_Tower_Grey.mat using Guid(62bd018466618f34fa915dbd5cdf701a) Importer(815301076,1909f56bfc062723c751e8b465ee728b)  -> (artifact id: 'c58e9c37db0369f980be1dead0c281e8') in 0.023505 seconds 
  Import took 0.028667 seconds .

========================================================================
Received Import Request.
  Time since last request: 0.000389 seconds.
  path: Assets/SpaceStarshipLancer/Art/Materials/Mat_Warship01_Grey.mat
  artifactKey: Guid(21171d34ba7c5c74ab86a3ff3bdef204) Importer(815301076,1909f56bfc062723c751e8b465ee728b)
Start importing Assets/SpaceStarshipLancer/Art/Materials/Mat_Warship01_Grey.mat using Guid(21171d34ba7c5c74ab86a3ff3bdef204) Importer(815301076,1909f56bfc062723c751e8b465ee728b)  -> (artifact id: '9f2da7c27a90454feb84429691be1bb0') in 0.026206 seconds 
  Import took 0.031778 seconds .

========================================================================
Received Import Request.
  Time since last request: 0.000373 seconds.
  path: Assets/SpaceStarshipLancer/Art/Materials/Mat_Warship01_White.mat
  artifactKey: Guid(c52595911deb8cb4c9b99672d75df744) Importer(815301076,1909f56bfc062723c751e8b465ee728b)
Start importing Assets/SpaceStarshipLancer/Art/Materials/Mat_Warship01_White.mat using Guid(c52595911deb8cb4c9b99672d75df744) Importer(815301076,1909f56bfc062723c751e8b465ee728b)  -> (artifact id: 'b7fb18dd8b6cb6b247d139b52d566aae') in 0.025213 seconds 
  Import took 0.030885 seconds .

========================================================================
Received Import Request.
  Time since last request: 0.000420 seconds.
  path: Assets/SpaceStarshipLancer/Art/Materials/Mat_Warship01_Red.mat
  artifactKey: Guid(a01c4f5842ed45947aafcaab352b8df1) Importer(815301076,1909f56bfc062723c751e8b465ee728b)
Start importing Assets/SpaceStarshipLancer/Art/Materials/Mat_Warship01_Red.mat using Guid(a01c4f5842ed45947aafcaab352b8df1) Importer(815301076,1909f56bfc062723c751e8b465ee728b)  -> (artifact id: 'a934dc7f44b43259251e21d8a96dbd10') in 0.029593 seconds 
  Import took 0.037770 seconds .

========================================================================
Received Import Request.
  Time since last request: 0.000594 seconds.
  path: Assets/SpaceStarshipLancer/Art/Materials/Mat_Tower_Red.mat
  artifactKey: Guid(1d42002d4b7e85843a93277578be26f1) Importer(815301076,1909f56bfc062723c751e8b465ee728b)
Start importing Assets/SpaceStarshipLancer/Art/Materials/Mat_Tower_Red.mat using Guid(1d42002d4b7e85843a93277578be26f1) Importer(815301076,1909f56bfc062723c751e8b465ee728b)  -> (artifact id: '0cee0bb67e353b8cce23e4c86bac087a') in 0.022593 seconds 
  Import took 0.029142 seconds .

========================================================================
Received Import Request.
  Time since last request: 0.000705 seconds.
  path: Assets/SpaceStarshipLancer/Art/Materials/Mat_Tower_Black.mat
  artifactKey: Guid(099ef96cece6bf748bba7caad098917b) Importer(815301076,1909f56bfc062723c751e8b465ee728b)
Start importing Assets/SpaceStarshipLancer/Art/Materials/Mat_Tower_Black.mat using Guid(099ef96cece6bf748bba7caad098917b) Importer(815301076,1909f56bfc062723c751e8b465ee728b)  -> (artifact id: 'b613d1a8c86a9b1761971c0ee375ad22') in 0.022505 seconds 
  Import took 0.031128 seconds .

========================================================================
Received Import Request.
  Time since last request: 0.000413 seconds.
  path: Assets/SpaceStarshipLancer/Art/Materials/Mat_Tower_White.mat
  artifactKey: Guid(7ab0612e94944994f960f3f4fa65f7ed) Importer(815301076,1909f56bfc062723c751e8b465ee728b)
Start importing Assets/SpaceStarshipLancer/Art/Materials/Mat_Tower_White.mat using Guid(7ab0612e94944994f960f3f4fa65f7ed) Importer(815301076,1909f56bfc062723c751e8b465ee728b)  -> (artifact id: '67581df6add8e8f738cafcc792741a88') in 0.018904 seconds 
  Import took 0.025258 seconds .

========================================================================
Received Import Request.
  Time since last request: 0.000392 seconds.
  path: Assets/SpaceStarshipLancer/Art/Materials/Mat_Warship01_Black.mat
  artifactKey: Guid(c6e1fa0188009714094a61f1ee3e4f3d) Importer(815301076,1909f56bfc062723c751e8b465ee728b)
Start importing Assets/SpaceStarshipLancer/Art/Materials/Mat_Warship01_Black.mat using Guid(c6e1fa0188009714094a61f1ee3e4f3d) Importer(815301076,1909f56bfc062723c751e8b465ee728b)  -> (artifact id: '25b1186596a96599025304198642ff1a') in 0.023361 seconds 
  Import took 0.029003 seconds .

========================================================================
Received Import Request.
  Time since last request: 10.304069 seconds.
  path: Assets/SpaceStarshipLancer/StarShipPrefab
  artifactKey: Guid(d6bca4d2a13e74f429e08fd1bec97dd9) Importer(815301076,1909f56bfc062723c751e8b465ee728b)
Start importing Assets/SpaceStarshipLancer/StarShipPrefab using Guid(d6bca4d2a13e74f429e08fd1bec97dd9) Importer(815301076,1909f56bfc062723c751e8b465ee728b)  -> (artifact id: '45875eaf6aee5a48695f3c068e5e955f') in 0.006138 seconds 
  Import took 0.012587 seconds .

========================================================================
Received Import Request.
  Time since last request: 6.476584 seconds.
  path: Assets/SpaceStarshipLancer/StarShipScene/StarShipExampleScene.unity
  artifactKey: Guid(4cadc3a385b83214180a71d29c0b379f) Importer(815301076,1909f56bfc062723c751e8b465ee728b)
Start importing Assets/SpaceStarshipLancer/StarShipScene/StarShipExampleScene.unity using Guid(4cadc3a385b83214180a71d29c0b379f) Importer(815301076,1909f56bfc062723c751e8b465ee728b)  -> (artifact id: '8ae377da4c2714660b894fc9b235341a') in 0.004726 seconds 
  Import took 0.011304 seconds .

========================================================================
Received Import Request.
  Time since last request: 14.658846 seconds.
  path: Assets/Scenes/Main.unity
  artifactKey: Guid(d6cf7ed2faf3b47eb8f72eaa9c1a495a) Importer(815301076,1909f56bfc062723c751e8b465ee728b)
Start importing Assets/Scenes/Main.unity using Guid(d6cf7ed2faf3b47eb8f72eaa9c1a495a) Importer(815301076,1909f56bfc062723c751e8b465ee728b)  -> (artifact id: '884153321412b0bf02f379ab00bbf8a8') in 0.004235 seconds 
  Import took 0.011372 seconds .

========================================================================
Received Prepare
Registering precompiled user dll's ...
Registered in 0.015068 seconds.
Begin MonoManager ReloadAssembly
Native extension for WindowsStandalone target not found
Refreshing native plugins compatible for Editor in 1.55 ms, found 2 plugins.
Preloading 0 native plugins for Editor in 0.00 ms.
Mono: successfully reloaded assembly
- Completed reload, in  1.679 seconds
Domain Reload Profiling:
	ReloadAssembly (1680ms)
		BeginReloadAssembly (220ms)
			ExecutionOrderSort (0ms)
			DisableScriptedObjects (8ms)
			BackupInstance (0ms)
			ReleaseScriptingObjects (0ms)
			CreateAndSetChildDomain (53ms)
		EndReloadAssembly (1363ms)
			LoadAssemblies (237ms)
			RebuildTransferFunctionScriptingTraits (0ms)
			SetupTypeCache (426ms)
			ReleaseScriptCaches (1ms)
			RebuildScriptCaches (58ms)
			SetupLoadedEditorAssemblies (549ms)
				LogAssemblyErrors (0ms)
				InitializePlatformSupportModulesInManaged (7ms)
				SetLoadedEditorAssemblies (1ms)
				RefreshPlugins (2ms)
				BeforeProcessingInitializeOnLoad (145ms)
				ProcessInitializeOnLoadAttributes (310ms)
				ProcessInitializeOnLoadMethodAttributes (71ms)
				AfterProcessingInitializeOnLoad (13ms)
				EditorAssembliesLoaded (0ms)
			ExecutionOrderSort2 (0ms)
			AwakeInstancesAfterBackupRestoration (10ms)
Platform modules already initialized, skipping
Refreshing native plugins compatible for Editor in 0.96 ms, found 2 plugins.
Preloading 0 native plugins for Editor in 0.00 ms.
Unloading 2102 Unused Serialized files (Serialized files now loaded: 0)
System memory in use before: 92.0 MB.
System memory in use after: 92.1 MB.

Unloading 49 unused Assets to reduce memory usage. Loaded Objects now: 2578.
Total: 9.458300 ms (FindLiveObjects: 0.210200 ms CreateObjectMapping: 0.127900 ms MarkObjects: 9.070700 ms  DeleteObjects: 0.048200 ms)

AssetImportParameters requested are different than current active one (requested -> active):
  requireTextureImportCompression: false -> true
  custom:framework-win-MediaFoundation: 216162199b28c13a410421893ffa2e32 -> 
  custom:video-decoder-ogg-theora: a1e56fd34408186e4bbccfd4996cb3dc -> 
  custom:container-muxer-webm: aa71ff27fc2769a1b78a27578f13a17b -> 
  custom:container-demuxer-webm: 4f35f7cbe854078d1ac9338744f61a02 -> 
  custom:container-demuxer-ogg: 62fdf1f143b41e24485cea50d1cbac27 -> 
  custom:video-encoder-webm-vp8: eb34c28f22e8b96e1ab97ce403110664 -> 
  custom:video-codec-MediaFoundation-h265: 746d11721c4dcdbdad8f713fa42b33f4 -> 
  custom:video-decoder-webm-vp8: 9c59270c3fd7afecdb556c50c9e8de78 -> 
  custom:audio-decoder-ogg-vorbis: bf7c407c2cedff20999df2af8eb42d56 -> 
  custom:audio-encoder-webm-vorbis: bf7c407c2cedff20999df2af8eb42d56 -> 
AssetImportWorkerClient::OnTransportError - code=2 error=End of file
